

Started GET "/" for 127.0.0.1 at 2015-12-27 08:12:25 -0700
  [1m[36mActiveRecord::SchemaMigration Load (0.8ms)[0m  [1mSELECT "schema_migrations".* FROM "schema_migrations"[0m
Processing by WelcomeController#index as HTML
  Rendered welcome/index.erb within layouts/application (1.8ms)
Completed 200 OK in 1270ms (Views: 1262.4ms | ActiveRecord: 0.0ms)


Started GET "/assets/turbolinks.self.js?body=1" for 127.0.0.1 at 2015-12-27 08:12:26 -0700


Started GET "/assets/jquery_ujs.self.js?body=1" for 127.0.0.1 at 2015-12-27 08:12:26 -0700


Started GET "/assets/application.self.js?body=1" for 127.0.0.1 at 2015-12-27 08:12:26 -0700


Started GET "/assets/jquery.self.js?body=1" for 127.0.0.1 at 2015-12-27 08:12:26 -0700


Started GET "/assets/widgets.self.js?body=1" for 127.0.0.1 at 2015-12-27 08:12:26 -0700


Started GET "/assets/welcome.self.js?body=1" for 127.0.0.1 at 2015-12-27 08:12:26 -0700


Started GET "/assets/scaffolds.self.css?body=1" for 127.0.0.1 at 2015-12-27 08:12:26 -0700


Started GET "/assets/theme.self.css?body=1" for 127.0.0.1 at 2015-12-27 08:12:26 -0700


Started GET "/assets/welcome.self.css?body=1" for 127.0.0.1 at 2015-12-27 08:12:27 -0700


Started GET "/assets/widgets.self.css?body=1" for 127.0.0.1 at 2015-12-27 08:12:27 -0700


Started GET "/assets/application.self.css?body=1" for 127.0.0.1 at 2015-12-27 08:12:27 -0700


Started GET "/" for 127.0.0.1 at 2015-12-27 08:13:12 -0700
  [1m[36mActiveRecord::SchemaMigration Load (0.5ms)[0m  [1mSELECT "schema_migrations".* FROM "schema_migrations"[0m
Processing by WelcomeController#index as HTML
  Rendered welcome/index.erb within layouts/application (0.9ms)
Completed 200 OK in 205ms (Views: 197.5ms | ActiveRecord: 0.0ms)


Started GET "/assets/jquery.self.js?body=1" for 127.0.0.1 at 2015-12-27 08:13:13 -0700


Started GET "/assets/jquery_ujs.self.js?body=1" for 127.0.0.1 at 2015-12-27 08:13:13 -0700


Started GET "/assets/application.self.js?body=1" for 127.0.0.1 at 2015-12-27 08:13:13 -0700


Started GET "/assets/scaffolds.self.css?body=1" for 127.0.0.1 at 2015-12-27 08:13:13 -0700


Started GET "/assets/widgets.self.js?body=1" for 127.0.0.1 at 2015-12-27 08:13:13 -0700


Started GET "/assets/welcome.self.js?body=1" for 127.0.0.1 at 2015-12-27 08:13:13 -0700


Started GET "/assets/welcome.self.css?body=1" for 127.0.0.1 at 2015-12-27 08:13:13 -0700


Started GET "/assets/turbolinks.self.js?body=1" for 127.0.0.1 at 2015-12-27 08:13:13 -0700


Started GET "/assets/application.self.css?body=1" for 127.0.0.1 at 2015-12-27 08:13:13 -0700


Started GET "/assets/theme.self.css?body=1" for 127.0.0.1 at 2015-12-27 08:13:13 -0700


Started GET "/assets/widgets.self.css?body=1" for 127.0.0.1 at 2015-12-27 08:13:13 -0700


Started GET "/welcome/index" for 127.0.0.1 at 2015-12-27 08:14:07 -0700

ActionController::RoutingError (No route matches [GET] "/welcome/index"):
  actionpack (4.2.3) lib/action_dispatch/middleware/debug_exceptions.rb:21:in `call'
  actionpack (4.2.3) lib/action_dispatch/middleware/show_exceptions.rb:30:in `call'
  railties (4.2.3) lib/rails/rack/logger.rb:38:in `call_app'
  railties (4.2.3) lib/rails/rack/logger.rb:20:in `block in call'
  activesupport (4.2.3) lib/active_support/tagged_logging.rb:68:in `block in tagged'
  activesupport (4.2.3) lib/active_support/tagged_logging.rb:26:in `tagged'
  activesupport (4.2.3) lib/active_support/tagged_logging.rb:68:in `tagged'
  railties (4.2.3) lib/rails/rack/logger.rb:20:in `call'
  actionpack (4.2.3) lib/action_dispatch/middleware/request_id.rb:21:in `call'
  rack (1.6.4) lib/rack/methodoverride.rb:22:in `call'
  rack (1.6.4) lib/rack/runtime.rb:18:in `call'
  activesupport (4.2.3) lib/active_support/cache/strategy/local_cache_middleware.rb:28:in `call'
  rack (1.6.4) lib/rack/lock.rb:17:in `call'
  actionpack (4.2.3) lib/action_dispatch/middleware/static.rb:116:in `call'
  rack (1.6.4) lib/rack/sendfile.rb:113:in `call'
  railties (4.2.3) lib/rails/engine.rb:518:in `call'
  railties (4.2.3) lib/rails/application.rb:165:in `call'
  rack (1.6.4) lib/rack/content_length.rb:15:in `call'
  puma (2.9.1) lib/puma/server.rb:490:in `handle_request'
  puma (2.9.1) lib/puma/server.rb:361:in `process_client'
  puma (2.9.1) lib/puma/server.rb:254:in `block in run'
  puma (2.9.1) lib/puma/thread_pool.rb:92:in `call'
  puma (2.9.1) lib/puma/thread_pool.rb:92:in `block in spawn_thread'


  Rendered /Users/tristanwagstaff/.rvm/gems/ruby-2.2.3/gems/actionpack-4.2.3/lib/action_dispatch/middleware/templates/rescues/_trace.html.erb (1.3ms)
  Rendered /Users/tristanwagstaff/.rvm/gems/ruby-2.2.3/gems/actionpack-4.2.3/lib/action_dispatch/middleware/templates/routes/_route.html.erb (2.0ms)
  Rendered /Users/tristanwagstaff/.rvm/gems/ruby-2.2.3/gems/actionpack-4.2.3/lib/action_dispatch/middleware/templates/routes/_table.html.erb (6.2ms)
  Rendered /Users/tristanwagstaff/.rvm/gems/ruby-2.2.3/gems/actionpack-4.2.3/lib/action_dispatch/middleware/templates/rescues/_request_and_response.html.erb (1.2ms)
  Rendered /Users/tristanwagstaff/.rvm/gems/ruby-2.2.3/gems/actionpack-4.2.3/lib/action_dispatch/middleware/templates/rescues/routing_error.html.erb within rescues/layout (77.2ms)


Started GET "/welcome/index" for 127.0.0.1 at 2015-12-27 08:14:41 -0700
  [1m[36mActiveRecord::SchemaMigration Load (0.8ms)[0m  [1mSELECT "schema_migrations".* FROM "schema_migrations"[0m

ActionController::RoutingError (No route matches [GET] "/welcome/index"):
  actionpack (4.2.3) lib/action_dispatch/middleware/debug_exceptions.rb:21:in `call'
  actionpack (4.2.3) lib/action_dispatch/middleware/show_exceptions.rb:30:in `call'
  railties (4.2.3) lib/rails/rack/logger.rb:38:in `call_app'
  railties (4.2.3) lib/rails/rack/logger.rb:20:in `block in call'
  activesupport (4.2.3) lib/active_support/tagged_logging.rb:68:in `block in tagged'
  activesupport (4.2.3) lib/active_support/tagged_logging.rb:26:in `tagged'
  activesupport (4.2.3) lib/active_support/tagged_logging.rb:68:in `tagged'
  railties (4.2.3) lib/rails/rack/logger.rb:20:in `call'
  actionpack (4.2.3) lib/action_dispatch/middleware/request_id.rb:21:in `call'
  rack (1.6.4) lib/rack/methodoverride.rb:22:in `call'
  rack (1.6.4) lib/rack/runtime.rb:18:in `call'
  activesupport (4.2.3) lib/active_support/cache/strategy/local_cache_middleware.rb:28:in `call'
  rack (1.6.4) lib/rack/lock.rb:17:in `call'
  actionpack (4.2.3) lib/action_dispatch/middleware/static.rb:116:in `call'
  rack (1.6.4) lib/rack/sendfile.rb:113:in `call'
  railties (4.2.3) lib/rails/engine.rb:518:in `call'
  railties (4.2.3) lib/rails/application.rb:165:in `call'
  rack (1.6.4) lib/rack/content_length.rb:15:in `call'
  puma (2.9.1) lib/puma/server.rb:490:in `handle_request'
  puma (2.9.1) lib/puma/server.rb:361:in `process_client'
  puma (2.9.1) lib/puma/server.rb:254:in `block in run'
  puma (2.9.1) lib/puma/thread_pool.rb:92:in `call'
  puma (2.9.1) lib/puma/thread_pool.rb:92:in `block in spawn_thread'


  Rendered /Users/tristanwagstaff/.rvm/gems/ruby-2.2.3/gems/actionpack-4.2.3/lib/action_dispatch/middleware/templates/rescues/_trace.html.erb (2.1ms)
  Rendered /Users/tristanwagstaff/.rvm/gems/ruby-2.2.3/gems/actionpack-4.2.3/lib/action_dispatch/middleware/templates/routes/_route.html.erb (1.3ms)
  Rendered /Users/tristanwagstaff/.rvm/gems/ruby-2.2.3/gems/actionpack-4.2.3/lib/action_dispatch/middleware/templates/routes/_table.html.erb (6.2ms)
  Rendered /Users/tristanwagstaff/.rvm/gems/ruby-2.2.3/gems/actionpack-4.2.3/lib/action_dispatch/middleware/templates/rescues/_request_and_response.html.erb (8.6ms)
  Rendered /Users/tristanwagstaff/.rvm/gems/ruby-2.2.3/gems/actionpack-4.2.3/lib/action_dispatch/middleware/templates/rescues/routing_error.html.erb within rescues/layout (84.2ms)


Started GET "/" for 127.0.0.1 at 2015-12-27 08:15:16 -0700
Processing by WelcomeController#index as HTML
  Rendered welcome/index.erb within layouts/application (0.3ms)
Completed 200 OK in 166ms (Views: 165.3ms | ActiveRecord: 0.0ms)


Started GET "/assets/jquery.self.js?body=1" for 127.0.0.1 at 2015-12-27 08:15:16 -0700


Started GET "/assets/scaffolds.self.css?body=1" for 127.0.0.1 at 2015-12-27 08:15:16 -0700


Started GET "/assets/theme.self.css?body=1" for 127.0.0.1 at 2015-12-27 08:15:16 -0700


Started GET "/assets/welcome.self.js?body=1" for 127.0.0.1 at 2015-12-27 08:15:16 -0700


Started GET "/assets/widgets.self.css?body=1" for 127.0.0.1 at 2015-12-27 08:15:16 -0700


Started GET "/assets/application.self.js?body=1" for 127.0.0.1 at 2015-12-27 08:15:16 -0700


Started GET "/assets/turbolinks.self.js?body=1" for 127.0.0.1 at 2015-12-27 08:15:16 -0700


Started GET "/assets/jquery_ujs.self.js?body=1" for 127.0.0.1 at 2015-12-27 08:15:16 -0700


Started GET "/assets/welcome.self.css?body=1" for 127.0.0.1 at 2015-12-27 08:15:16 -0700


Started GET "/assets/widgets.self.js?body=1" for 127.0.0.1 at 2015-12-27 08:15:16 -0700


Started GET "/assets/application.self.css?body=1" for 127.0.0.1 at 2015-12-27 08:15:16 -0700


Started GET "/" for 127.0.0.1 at 2015-12-27 08:15:16 -0700
Processing by WelcomeController#index as HTML
  Rendered welcome/index.erb within layouts/application (0.1ms)
Completed 200 OK in 69ms (Views: 66.6ms | ActiveRecord: 0.0ms)


Started GET "/assets/jquery.self.js?body=1" for 127.0.0.1 at 2015-12-27 08:15:16 -0700


Started GET "/assets/welcome.self.js?body=1" for 127.0.0.1 at 2015-12-27 08:15:16 -0700


Started GET "/assets/turbolinks.self.js?body=1" for 127.0.0.1 at 2015-12-27 08:15:16 -0700


Started GET "/assets/application.self.js?body=1" for 127.0.0.1 at 2015-12-27 08:15:16 -0700


Started GET "/assets/widgets.self.js?body=1" for 127.0.0.1 at 2015-12-27 08:15:16 -0700


Started GET "/assets/jquery_ujs.self.js?body=1" for 127.0.0.1 at 2015-12-27 08:15:16 -0700


Started GET "/assets/scaffolds.self.css?body=1" for 127.0.0.1 at 2015-12-27 08:15:16 -0700


Started GET "/assets/welcome.self.css?body=1" for 127.0.0.1 at 2015-12-27 08:15:16 -0700


Started GET "/assets/application.self.css?body=1" for 127.0.0.1 at 2015-12-27 08:15:16 -0700


Started GET "/assets/theme.self.css?body=1" for 127.0.0.1 at 2015-12-27 08:15:16 -0700


Started GET "/assets/widgets.self.css?body=1" for 127.0.0.1 at 2015-12-27 08:15:16 -0700


Started GET "/welcome/index" for 127.0.0.1 at 2015-12-27 08:15:26 -0700

ActionController::RoutingError (No route matches [GET] "/welcome/index"):
  actionpack (4.2.3) lib/action_dispatch/middleware/debug_exceptions.rb:21:in `call'
  actionpack (4.2.3) lib/action_dispatch/middleware/show_exceptions.rb:30:in `call'
  railties (4.2.3) lib/rails/rack/logger.rb:38:in `call_app'
  railties (4.2.3) lib/rails/rack/logger.rb:20:in `block in call'
  activesupport (4.2.3) lib/active_support/tagged_logging.rb:68:in `block in tagged'
  activesupport (4.2.3) lib/active_support/tagged_logging.rb:26:in `tagged'
  activesupport (4.2.3) lib/active_support/tagged_logging.rb:68:in `tagged'
  railties (4.2.3) lib/rails/rack/logger.rb:20:in `call'
  actionpack (4.2.3) lib/action_dispatch/middleware/request_id.rb:21:in `call'
  rack (1.6.4) lib/rack/methodoverride.rb:22:in `call'
  rack (1.6.4) lib/rack/runtime.rb:18:in `call'
  activesupport (4.2.3) lib/active_support/cache/strategy/local_cache_middleware.rb:28:in `call'
  rack (1.6.4) lib/rack/lock.rb:17:in `call'
  actionpack (4.2.3) lib/action_dispatch/middleware/static.rb:116:in `call'
  rack (1.6.4) lib/rack/sendfile.rb:113:in `call'
  railties (4.2.3) lib/rails/engine.rb:518:in `call'
  railties (4.2.3) lib/rails/application.rb:165:in `call'
  rack (1.6.4) lib/rack/content_length.rb:15:in `call'
  puma (2.9.1) lib/puma/server.rb:490:in `handle_request'
  puma (2.9.1) lib/puma/server.rb:361:in `process_client'
  puma (2.9.1) lib/puma/server.rb:254:in `block in run'
  puma (2.9.1) lib/puma/thread_pool.rb:92:in `call'
  puma (2.9.1) lib/puma/thread_pool.rb:92:in `block in spawn_thread'


  Rendered /Users/tristanwagstaff/.rvm/gems/ruby-2.2.3/gems/actionpack-4.2.3/lib/action_dispatch/middleware/templates/rescues/_trace.html.erb (2.2ms)
  Rendered /Users/tristanwagstaff/.rvm/gems/ruby-2.2.3/gems/actionpack-4.2.3/lib/action_dispatch/middleware/templates/routes/_route.html.erb (1.4ms)
  Rendered /Users/tristanwagstaff/.rvm/gems/ruby-2.2.3/gems/actionpack-4.2.3/lib/action_dispatch/middleware/templates/routes/_table.html.erb (2.0ms)
  Rendered /Users/tristanwagstaff/.rvm/gems/ruby-2.2.3/gems/actionpack-4.2.3/lib/action_dispatch/middleware/templates/rescues/_request_and_response.html.erb (3.4ms)
  Rendered /Users/tristanwagstaff/.rvm/gems/ruby-2.2.3/gems/actionpack-4.2.3/lib/action_dispatch/middleware/templates/rescues/routing_error.html.erb within rescues/layout (82.6ms)


Started GET "/welcome/index.erb" for 127.0.0.1 at 2015-12-27 08:15:31 -0700

ActionController::RoutingError (No route matches [GET] "/welcome/index.erb"):
  actionpack (4.2.3) lib/action_dispatch/middleware/debug_exceptions.rb:21:in `call'
  actionpack (4.2.3) lib/action_dispatch/middleware/show_exceptions.rb:30:in `call'
  railties (4.2.3) lib/rails/rack/logger.rb:38:in `call_app'
  railties (4.2.3) lib/rails/rack/logger.rb:20:in `block in call'
  activesupport (4.2.3) lib/active_support/tagged_logging.rb:68:in `block in tagged'
  activesupport (4.2.3) lib/active_support/tagged_logging.rb:26:in `tagged'
  activesupport (4.2.3) lib/active_support/tagged_logging.rb:68:in `tagged'
  railties (4.2.3) lib/rails/rack/logger.rb:20:in `call'
  actionpack (4.2.3) lib/action_dispatch/middleware/request_id.rb:21:in `call'
  rack (1.6.4) lib/rack/methodoverride.rb:22:in `call'
  rack (1.6.4) lib/rack/runtime.rb:18:in `call'
  activesupport (4.2.3) lib/active_support/cache/strategy/local_cache_middleware.rb:28:in `call'
  rack (1.6.4) lib/rack/lock.rb:17:in `call'
  actionpack (4.2.3) lib/action_dispatch/middleware/static.rb:116:in `call'
  rack (1.6.4) lib/rack/sendfile.rb:113:in `call'
  railties (4.2.3) lib/rails/engine.rb:518:in `call'
  railties (4.2.3) lib/rails/application.rb:165:in `call'
  rack (1.6.4) lib/rack/content_length.rb:15:in `call'
  puma (2.9.1) lib/puma/server.rb:490:in `handle_request'
  puma (2.9.1) lib/puma/server.rb:361:in `process_client'
  puma (2.9.1) lib/puma/server.rb:254:in `block in run'
  puma (2.9.1) lib/puma/thread_pool.rb:92:in `call'
  puma (2.9.1) lib/puma/thread_pool.rb:92:in `block in spawn_thread'


  Rendered /Users/tristanwagstaff/.rvm/gems/ruby-2.2.3/gems/actionpack-4.2.3/lib/action_dispatch/middleware/templates/rescues/_trace.html.erb (2.1ms)
  Rendered /Users/tristanwagstaff/.rvm/gems/ruby-2.2.3/gems/actionpack-4.2.3/lib/action_dispatch/middleware/templates/routes/_route.html.erb (1.2ms)
  Rendered /Users/tristanwagstaff/.rvm/gems/ruby-2.2.3/gems/actionpack-4.2.3/lib/action_dispatch/middleware/templates/routes/_table.html.erb (1.0ms)
  Rendered /Users/tristanwagstaff/.rvm/gems/ruby-2.2.3/gems/actionpack-4.2.3/lib/action_dispatch/middleware/templates/rescues/_request_and_response.html.erb (1.1ms)
  Rendered /Users/tristanwagstaff/.rvm/gems/ruby-2.2.3/gems/actionpack-4.2.3/lib/action_dispatch/middleware/templates/rescues/routing_error.html.erb within rescues/layout (57.2ms)


Started GET "/welcome/index.erb" for 127.0.0.1 at 2015-12-27 08:15:34 -0700

ActionController::RoutingError (No route matches [GET] "/welcome/index.erb"):
  actionpack (4.2.3) lib/action_dispatch/middleware/debug_exceptions.rb:21:in `call'
  actionpack (4.2.3) lib/action_dispatch/middleware/show_exceptions.rb:30:in `call'
  railties (4.2.3) lib/rails/rack/logger.rb:38:in `call_app'
  railties (4.2.3) lib/rails/rack/logger.rb:20:in `block in call'
  activesupport (4.2.3) lib/active_support/tagged_logging.rb:68:in `block in tagged'
  activesupport (4.2.3) lib/active_support/tagged_logging.rb:26:in `tagged'
  activesupport (4.2.3) lib/active_support/tagged_logging.rb:68:in `tagged'
  railties (4.2.3) lib/rails/rack/logger.rb:20:in `call'
  actionpack (4.2.3) lib/action_dispatch/middleware/request_id.rb:21:in `call'
  rack (1.6.4) lib/rack/methodoverride.rb:22:in `call'
  rack (1.6.4) lib/rack/runtime.rb:18:in `call'
  activesupport (4.2.3) lib/active_support/cache/strategy/local_cache_middleware.rb:28:in `call'
  rack (1.6.4) lib/rack/lock.rb:17:in `call'
  actionpack (4.2.3) lib/action_dispatch/middleware/static.rb:116:in `call'
  rack (1.6.4) lib/rack/sendfile.rb:113:in `call'
  railties (4.2.3) lib/rails/engine.rb:518:in `call'
  railties (4.2.3) lib/rails/application.rb:165:in `call'
  rack (1.6.4) lib/rack/content_length.rb:15:in `call'
  puma (2.9.1) lib/puma/server.rb:490:in `handle_request'
  puma (2.9.1) lib/puma/server.rb:361:in `process_client'
  puma (2.9.1) lib/puma/server.rb:254:in `block in run'
  puma (2.9.1) lib/puma/thread_pool.rb:92:in `call'
  puma (2.9.1) lib/puma/thread_pool.rb:92:in `block in spawn_thread'


  Rendered /Users/tristanwagstaff/.rvm/gems/ruby-2.2.3/gems/actionpack-4.2.3/lib/action_dispatch/middleware/templates/rescues/_trace.html.erb (1.0ms)
  Rendered /Users/tristanwagstaff/.rvm/gems/ruby-2.2.3/gems/actionpack-4.2.3/lib/action_dispatch/middleware/templates/routes/_route.html.erb (0.8ms)
  Rendered /Users/tristanwagstaff/.rvm/gems/ruby-2.2.3/gems/actionpack-4.2.3/lib/action_dispatch/middleware/templates/routes/_table.html.erb (1.1ms)
  Rendered /Users/tristanwagstaff/.rvm/gems/ruby-2.2.3/gems/actionpack-4.2.3/lib/action_dispatch/middleware/templates/rescues/_request_and_response.html.erb (1.0ms)
  Rendered /Users/tristanwagstaff/.rvm/gems/ruby-2.2.3/gems/actionpack-4.2.3/lib/action_dispatch/middleware/templates/rescues/routing_error.html.erb within rescues/layout (60.6ms)


Started GET "/welcome/index" for 127.0.0.1 at 2015-12-27 08:15:36 -0700

ActionController::RoutingError (No route matches [GET] "/welcome/index"):
  actionpack (4.2.3) lib/action_dispatch/middleware/debug_exceptions.rb:21:in `call'
  actionpack (4.2.3) lib/action_dispatch/middleware/show_exceptions.rb:30:in `call'
  railties (4.2.3) lib/rails/rack/logger.rb:38:in `call_app'
  railties (4.2.3) lib/rails/rack/logger.rb:20:in `block in call'
  activesupport (4.2.3) lib/active_support/tagged_logging.rb:68:in `block in tagged'
  activesupport (4.2.3) lib/active_support/tagged_logging.rb:26:in `tagged'
  activesupport (4.2.3) lib/active_support/tagged_logging.rb:68:in `tagged'
  railties (4.2.3) lib/rails/rack/logger.rb:20:in `call'
  actionpack (4.2.3) lib/action_dispatch/middleware/request_id.rb:21:in `call'
  rack (1.6.4) lib/rack/methodoverride.rb:22:in `call'
  rack (1.6.4) lib/rack/runtime.rb:18:in `call'
  activesupport (4.2.3) lib/active_support/cache/strategy/local_cache_middleware.rb:28:in `call'
  rack (1.6.4) lib/rack/lock.rb:17:in `call'
  actionpack (4.2.3) lib/action_dispatch/middleware/static.rb:116:in `call'
  rack (1.6.4) lib/rack/sendfile.rb:113:in `call'
  railties (4.2.3) lib/rails/engine.rb:518:in `call'
  railties (4.2.3) lib/rails/application.rb:165:in `call'
  rack (1.6.4) lib/rack/content_length.rb:15:in `call'
  puma (2.9.1) lib/puma/server.rb:490:in `handle_request'
  puma (2.9.1) lib/puma/server.rb:361:in `process_client'
  puma (2.9.1) lib/puma/server.rb:254:in `block in run'
  puma (2.9.1) lib/puma/thread_pool.rb:92:in `call'
  puma (2.9.1) lib/puma/thread_pool.rb:92:in `block in spawn_thread'


  Rendered /Users/tristanwagstaff/.rvm/gems/ruby-2.2.3/gems/actionpack-4.2.3/lib/action_dispatch/middleware/templates/rescues/_trace.html.erb (1.2ms)
  Rendered /Users/tristanwagstaff/.rvm/gems/ruby-2.2.3/gems/actionpack-4.2.3/lib/action_dispatch/middleware/templates/routes/_route.html.erb (0.8ms)
  Rendered /Users/tristanwagstaff/.rvm/gems/ruby-2.2.3/gems/actionpack-4.2.3/lib/action_dispatch/middleware/templates/routes/_table.html.erb (1.1ms)
  Rendered /Users/tristanwagstaff/.rvm/gems/ruby-2.2.3/gems/actionpack-4.2.3/lib/action_dispatch/middleware/templates/rescues/_request_and_response.html.erb (1.1ms)
  Rendered /Users/tristanwagstaff/.rvm/gems/ruby-2.2.3/gems/actionpack-4.2.3/lib/action_dispatch/middleware/templates/rescues/routing_error.html.erb within rescues/layout (71.2ms)


Started GET "/" for 127.0.0.1 at 2015-12-27 08:15:36 -0700
Processing by WelcomeController#index as HTML
  Rendered welcome/index.erb within layouts/application (0.0ms)
Completed 200 OK in 52ms (Views: 51.5ms | ActiveRecord: 0.0ms)


Started GET "/assets/jquery.self.js?body=1" for 127.0.0.1 at 2015-12-27 08:15:37 -0700


Started GET "/assets/scaffolds.self.css?body=1" for 127.0.0.1 at 2015-12-27 08:15:37 -0700


Started GET "/assets/jquery_ujs.self.js?body=1" for 127.0.0.1 at 2015-12-27 08:15:37 -0700


Started GET "/assets/welcome.self.js?body=1" for 127.0.0.1 at 2015-12-27 08:15:37 -0700


Started GET "/assets/widgets.self.js?body=1" for 127.0.0.1 at 2015-12-27 08:15:37 -0700


Started GET "/assets/application.self.js?body=1" for 127.0.0.1 at 2015-12-27 08:15:37 -0700


Started GET "/assets/turbolinks.self.js?body=1" for 127.0.0.1 at 2015-12-27 08:15:37 -0700


Started GET "/assets/theme.self.css?body=1" for 127.0.0.1 at 2015-12-27 08:15:37 -0700


Started GET "/assets/application.self.css?body=1" for 127.0.0.1 at 2015-12-27 08:15:37 -0700


Started GET "/assets/welcome.self.css?body=1" for 127.0.0.1 at 2015-12-27 08:15:37 -0700


Started GET "/assets/widgets.self.css?body=1" for 127.0.0.1 at 2015-12-27 08:15:37 -0700


Started GET "/" for 127.0.0.1 at 2015-12-27 08:15:37 -0700
Processing by WelcomeController#index as HTML
  Rendered welcome/index.erb within layouts/application (0.1ms)
Completed 200 OK in 78ms (Views: 77.5ms | ActiveRecord: 0.0ms)


Started GET "/assets/jquery.self.js?body=1" for 127.0.0.1 at 2015-12-27 08:15:37 -0700


Started GET "/assets/jquery_ujs.self.js?body=1" for 127.0.0.1 at 2015-12-27 08:15:37 -0700


Started GET "/assets/widgets.self.js?body=1" for 127.0.0.1 at 2015-12-27 08:15:37 -0700


Started GET "/assets/turbolinks.self.js?body=1" for 127.0.0.1 at 2015-12-27 08:15:37 -0700


Started GET "/assets/welcome.self.js?body=1" for 127.0.0.1 at 2015-12-27 08:15:37 -0700


Started GET "/assets/application.self.js?body=1" for 127.0.0.1 at 2015-12-27 08:15:37 -0700


Started GET "/assets/scaffolds.self.css?body=1" for 127.0.0.1 at 2015-12-27 08:15:37 -0700


Started GET "/assets/welcome.self.css?body=1" for 127.0.0.1 at 2015-12-27 08:15:37 -0700


Started GET "/assets/application.self.css?body=1" for 127.0.0.1 at 2015-12-27 08:15:37 -0700


Started GET "/assets/theme.self.css?body=1" for 127.0.0.1 at 2015-12-27 08:15:37 -0700


Started GET "/assets/widgets.self.css?body=1" for 127.0.0.1 at 2015-12-27 08:15:37 -0700


Started GET "/" for 127.0.0.1 at 2015-12-27 08:20:25 -0700
  [1m[36mActiveRecord::SchemaMigration Load (6.1ms)[0m  [1mSELECT "schema_migrations".* FROM "schema_migrations"[0m
Processing by WelcomeController#index as HTML
  Rendered welcome/index.erb within layouts/application (1.3ms)
Completed 200 OK in 246ms (Views: 236.2ms | ActiveRecord: 0.0ms)


Started GET "/assets/jquery.self.js?body=1" for 127.0.0.1 at 2015-12-27 08:20:26 -0700


Started GET "/assets/application.self.js?body=1" for 127.0.0.1 at 2015-12-27 08:20:26 -0700


Started GET "/assets/turbolinks.self.js?body=1" for 127.0.0.1 at 2015-12-27 08:20:26 -0700


Started GET "/assets/widgets.self.js?body=1" for 127.0.0.1 at 2015-12-27 08:20:26 -0700


Started GET "/assets/jquery_ujs.self.js?body=1" for 127.0.0.1 at 2015-12-27 08:20:26 -0700


Started GET "/assets/welcome.self.js?body=1" for 127.0.0.1 at 2015-12-27 08:20:26 -0700


Started GET "/assets/theme.self.css?body=1" for 127.0.0.1 at 2015-12-27 08:20:26 -0700


Started GET "/assets/widgets.self.css?body=1" for 127.0.0.1 at 2015-12-27 08:20:26 -0700


Started GET "/assets/welcome.self.css?body=1" for 127.0.0.1 at 2015-12-27 08:20:26 -0700


Started GET "/assets/scaffolds.self.css?body=1" for 127.0.0.1 at 2015-12-27 08:20:26 -0700


Started GET "/assets/application.self.css?body=1" for 127.0.0.1 at 2015-12-27 08:20:26 -0700


Started GET "/" for 127.0.0.1 at 2015-12-27 09:04:47 -0700
  [1m[36mActiveRecord::SchemaMigration Load (0.4ms)[0m  [1mSELECT "schema_migrations".* FROM "schema_migrations"[0m
Processing by WelcomeController#index as HTML
  Rendered welcome/index.erb within layouts/application (2.3ms)
Completed 200 OK in 302ms (Views: 284.9ms | ActiveRecord: 0.0ms)


Started GET "/assets/theme.self.css?body=1" for 127.0.0.1 at 2015-12-27 09:04:47 -0700


Started GET "/assets/welcome.self.js?body=1" for 127.0.0.1 at 2015-12-27 09:04:47 -0700


Started GET "/assets/jquery_ujs.self.js?body=1" for 127.0.0.1 at 2015-12-27 09:04:47 -0700


Started GET "/assets/turbolinks.self.js?body=1" for 127.0.0.1 at 2015-12-27 09:04:47 -0700


Started GET "/assets/application.self.js?body=1" for 127.0.0.1 at 2015-12-27 09:04:47 -0700


Started GET "/assets/jquery.self.js?body=1" for 127.0.0.1 at 2015-12-27 09:04:47 -0700


Started GET "/assets/widgets.self.css?body=1" for 127.0.0.1 at 2015-12-27 09:04:47 -0700


Started GET "/assets/welcome.self.css?body=1" for 127.0.0.1 at 2015-12-27 09:04:47 -0700


Started GET "/assets/scaffolds.self.css?body=1" for 127.0.0.1 at 2015-12-27 09:04:47 -0700


Started GET "/assets/application.self.css?body=1" for 127.0.0.1 at 2015-12-27 09:04:47 -0700


Started GET "/assets/widgets.self.js?body=1" for 127.0.0.1 at 2015-12-27 09:04:47 -0700


Started GET "/" for 127.0.0.1 at 2015-12-27 09:12:33 -0700
Processing by WelcomeController#index as HTML
  Rendered welcome/index.erb within layouts/application (0.3ms)
Completed 200 OK in 49ms (Views: 48.8ms | ActiveRecord: 0.0ms)


Started GET "/assets/jquery.self.js?body=1" for 127.0.0.1 at 2015-12-27 09:12:33 -0700


Started GET "/assets/widgets.self.js?body=1" for 127.0.0.1 at 2015-12-27 09:12:33 -0700


Started GET "/assets/application.self.js?body=1" for 127.0.0.1 at 2015-12-27 09:12:33 -0700


Started GET "/assets/turbolinks.self.js?body=1" for 127.0.0.1 at 2015-12-27 09:12:33 -0700


Started GET "/assets/theme.self.css?body=1" for 127.0.0.1 at 2015-12-27 09:12:33 -0700


Started GET "/assets/jquery_ujs.self.js?body=1" for 127.0.0.1 at 2015-12-27 09:12:33 -0700


Started GET "/assets/welcome.self.js?body=1" for 127.0.0.1 at 2015-12-27 09:12:33 -0700


Started GET "/assets/scaffolds.self.css?body=1" for 127.0.0.1 at 2015-12-27 09:12:33 -0700


Started GET "/assets/application.self.css?body=1" for 127.0.0.1 at 2015-12-27 09:12:33 -0700


Started GET "/assets/welcome.self.css?body=1" for 127.0.0.1 at 2015-12-27 09:12:33 -0700


Started GET "/assets/widgets.self.css?body=1" for 127.0.0.1 at 2015-12-27 09:12:33 -0700


Started GET "/" for 127.0.0.1 at 2015-12-27 09:14:04 -0700
  [1m[36mActiveRecord::SchemaMigration Load (0.4ms)[0m  [1mSELECT "schema_migrations".* FROM "schema_migrations"[0m
Processing by WelcomeController#index as HTML
  Rendered welcome/index.erb within layouts/application (1.2ms)
Completed 200 OK in 203ms (Views: 194.3ms | ActiveRecord: 0.0ms)


Started GET "/assets/jquery.self.js?body=1" for 127.0.0.1 at 2015-12-27 09:14:04 -0700


Started GET "/assets/turbolinks.self.js?body=1" for 127.0.0.1 at 2015-12-27 09:14:04 -0700


Started GET "/assets/widgets.self.js?body=1" for 127.0.0.1 at 2015-12-27 09:14:04 -0700


Started GET "/assets/welcome.self.js?body=1" for 127.0.0.1 at 2015-12-27 09:14:04 -0700


Started GET "/assets/jquery_ujs.self.js?body=1" for 127.0.0.1 at 2015-12-27 09:14:04 -0700


Started GET "/assets/application.self.js?body=1" for 127.0.0.1 at 2015-12-27 09:14:04 -0700


Started GET "/assets/scaffolds.self.css?body=1" for 127.0.0.1 at 2015-12-27 09:14:04 -0700


Started GET "/assets/welcome.self.css?body=1" for 127.0.0.1 at 2015-12-27 09:14:04 -0700


Started GET "/assets/application.self.css?body=1" for 127.0.0.1 at 2015-12-27 09:14:04 -0700


Started GET "/assets/theme.self.css?body=1" for 127.0.0.1 at 2015-12-27 09:14:04 -0700


Started GET "/assets/widgets.self.css?body=1" for 127.0.0.1 at 2015-12-27 09:14:04 -0700


Started GET "/" for 127.0.0.1 at 2015-12-28 13:00:19 -0700
  [1m[36mActiveRecord::SchemaMigration Load (2.3ms)[0m  [1mSELECT "schema_migrations".* FROM "schema_migrations"[0m
Processing by WelcomeController#index as HTML
  Rendered welcome/index.erb within layouts/application (1.2ms)
Completed 200 OK in 237ms (Views: 228.5ms | ActiveRecord: 0.0ms)


Started GET "/assets/jquery_ujs.self.js?body=1" for 127.0.0.1 at 2015-12-28 13:00:20 -0700


Started GET "/assets/turbolinks.self.js?body=1" for 127.0.0.1 at 2015-12-28 13:00:20 -0700


Started GET "/assets/welcome.self.js?body=1" for 127.0.0.1 at 2015-12-28 13:00:20 -0700


Started GET "/assets/widgets.self.js?body=1" for 127.0.0.1 at 2015-12-28 13:00:20 -0700


Started GET "/assets/jquery.self.js?body=1" for 127.0.0.1 at 2015-12-28 13:00:20 -0700


Started GET "/assets/application.self.js?body=1" for 127.0.0.1 at 2015-12-28 13:00:20 -0700


Started GET "/assets/theme.self.css?body=1" for 127.0.0.1 at 2015-12-28 13:00:20 -0700


Started GET "/assets/widgets.self.css?body=1" for 127.0.0.1 at 2015-12-28 13:00:20 -0700


Started GET "/assets/scaffolds.self.css?body=1" for 127.0.0.1 at 2015-12-28 13:00:20 -0700


Started GET "/assets/welcome.self.css?body=1" for 127.0.0.1 at 2015-12-28 13:00:20 -0700


Started GET "/assets/application.self.css?body=1" for 127.0.0.1 at 2015-12-28 13:00:20 -0700


Started GET "/" for 127.0.0.1 at 2015-12-28 13:00:54 -0700
  [1m[36mActiveRecord::SchemaMigration Load (0.5ms)[0m  [1mSELECT "schema_migrations".* FROM "schema_migrations"[0m
Processing by WelcomeController#index as HTML
  Rendered welcome/index.erb within layouts/application (1.1ms)
Completed 200 OK in 201ms (Views: 192.3ms | ActiveRecord: 0.0ms)


Started GET "/assets/jquery.self.js?body=1" for 127.0.0.1 at 2015-12-28 13:00:54 -0700


Started GET "/assets/scaffolds.self.css?body=1" for 127.0.0.1 at 2015-12-28 13:00:54 -0700


Started GET "/assets/jquery_ujs.self.js?body=1" for 127.0.0.1 at 2015-12-28 13:00:54 -0700


Started GET "/assets/turbolinks.self.js?body=1" for 127.0.0.1 at 2015-12-28 13:00:54 -0700


Started GET "/assets/theme.self.css?body=1" for 127.0.0.1 at 2015-12-28 13:00:54 -0700


Started GET "/assets/widgets.self.js?body=1" for 127.0.0.1 at 2015-12-28 13:00:54 -0700


Started GET "/assets/welcome.self.css?body=1" for 127.0.0.1 at 2015-12-28 13:00:54 -0700


Started GET "/assets/application.self.css?body=1" for 127.0.0.1 at 2015-12-28 13:00:54 -0700


Started GET "/assets/welcome.self.js?body=1" for 127.0.0.1 at 2015-12-28 13:00:54 -0700


Started GET "/assets/widgets.self.css?body=1" for 127.0.0.1 at 2015-12-28 13:00:54 -0700


Started GET "/assets/application.self.js?body=1" for 127.0.0.1 at 2015-12-28 13:00:54 -0700


Started GET "/" for 127.0.0.1 at 2015-12-28 13:03:25 -0700
Processing by WelcomeController#index as HTML
  Rendered welcome/index.erb within layouts/application (0.1ms)
Completed 200 OK in 55ms (Views: 54.6ms | ActiveRecord: 0.0ms)


Started GET "/apple-touch-icon-precomposed.png" for 127.0.0.1 at 2015-12-28 13:03:25 -0700

ActionController::RoutingError (No route matches [GET] "/apple-touch-icon-precomposed.png"):
  actionpack (4.2.3) lib/action_dispatch/middleware/debug_exceptions.rb:21:in `call'
  actionpack (4.2.3) lib/action_dispatch/middleware/show_exceptions.rb:30:in `call'
  railties (4.2.3) lib/rails/rack/logger.rb:38:in `call_app'
  railties (4.2.3) lib/rails/rack/logger.rb:20:in `block in call'
  activesupport (4.2.3) lib/active_support/tagged_logging.rb:68:in `block in tagged'
  activesupport (4.2.3) lib/active_support/tagged_logging.rb:26:in `tagged'
  activesupport (4.2.3) lib/active_support/tagged_logging.rb:68:in `tagged'
  railties (4.2.3) lib/rails/rack/logger.rb:20:in `call'
  actionpack (4.2.3) lib/action_dispatch/middleware/request_id.rb:21:in `call'
  rack (1.6.4) lib/rack/methodoverride.rb:22:in `call'
  rack (1.6.4) lib/rack/runtime.rb:18:in `call'
  activesupport (4.2.3) lib/active_support/cache/strategy/local_cache_middleware.rb:28:in `call'
  rack (1.6.4) lib/rack/lock.rb:17:in `call'
  actionpack (4.2.3) lib/action_dispatch/middleware/static.rb:116:in `call'
  rack (1.6.4) lib/rack/sendfile.rb:113:in `call'
  railties (4.2.3) lib/rails/engine.rb:518:in `call'
  railties (4.2.3) lib/rails/application.rb:165:in `call'
  rack (1.6.4) lib/rack/content_length.rb:15:in `call'
  puma (2.9.1) lib/puma/server.rb:490:in `handle_request'
  puma (2.9.1) lib/puma/server.rb:361:in `process_client'
  puma (2.9.1) lib/puma/server.rb:254:in `block in run'
  puma (2.9.1) lib/puma/thread_pool.rb:92:in `call'
  puma (2.9.1) lib/puma/thread_pool.rb:92:in `block in spawn_thread'


  Rendered /Users/tristanwagstaff/.rvm/gems/ruby-2.2.3/gems/actionpack-4.2.3/lib/action_dispatch/middleware/templates/rescues/_trace.html.erb (2.7ms)
  Rendered /Users/tristanwagstaff/.rvm/gems/ruby-2.2.3/gems/actionpack-4.2.3/lib/action_dispatch/middleware/templates/routes/_route.html.erb (1.5ms)
  Rendered /Users/tristanwagstaff/.rvm/gems/ruby-2.2.3/gems/actionpack-4.2.3/lib/action_dispatch/middleware/templates/routes/_table.html.erb (9.2ms)
  Rendered /Users/tristanwagstaff/.rvm/gems/ruby-2.2.3/gems/actionpack-4.2.3/lib/action_dispatch/middleware/templates/rescues/_request_and_response.html.erb (3.1ms)
  Rendered /Users/tristanwagstaff/.rvm/gems/ruby-2.2.3/gems/actionpack-4.2.3/lib/action_dispatch/middleware/templates/rescues/routing_error.html.erb within rescues/layout (96.0ms)


Started GET "/apple-touch-icon.png" for 127.0.0.1 at 2015-12-28 13:03:25 -0700

ActionController::RoutingError (No route matches [GET] "/apple-touch-icon.png"):
  actionpack (4.2.3) lib/action_dispatch/middleware/debug_exceptions.rb:21:in `call'
  actionpack (4.2.3) lib/action_dispatch/middleware/show_exceptions.rb:30:in `call'
  railties (4.2.3) lib/rails/rack/logger.rb:38:in `call_app'
  railties (4.2.3) lib/rails/rack/logger.rb:20:in `block in call'
  activesupport (4.2.3) lib/active_support/tagged_logging.rb:68:in `block in tagged'
  activesupport (4.2.3) lib/active_support/tagged_logging.rb:26:in `tagged'
  activesupport (4.2.3) lib/active_support/tagged_logging.rb:68:in `tagged'
  railties (4.2.3) lib/rails/rack/logger.rb:20:in `call'
  actionpack (4.2.3) lib/action_dispatch/middleware/request_id.rb:21:in `call'
  rack (1.6.4) lib/rack/methodoverride.rb:22:in `call'
  rack (1.6.4) lib/rack/runtime.rb:18:in `call'
  activesupport (4.2.3) lib/active_support/cache/strategy/local_cache_middleware.rb:28:in `call'
  rack (1.6.4) lib/rack/lock.rb:17:in `call'
  actionpack (4.2.3) lib/action_dispatch/middleware/static.rb:116:in `call'
  rack (1.6.4) lib/rack/sendfile.rb:113:in `call'
  railties (4.2.3) lib/rails/engine.rb:518:in `call'
  railties (4.2.3) lib/rails/application.rb:165:in `call'
  rack (1.6.4) lib/rack/content_length.rb:15:in `call'
  puma (2.9.1) lib/puma/server.rb:490:in `handle_request'
  puma (2.9.1) lib/puma/server.rb:361:in `process_client'
  puma (2.9.1) lib/puma/server.rb:254:in `block in run'
  puma (2.9.1) lib/puma/thread_pool.rb:92:in `call'
  puma (2.9.1) lib/puma/thread_pool.rb:92:in `block in spawn_thread'


  Rendered /Users/tristanwagstaff/.rvm/gems/ruby-2.2.3/gems/actionpack-4.2.3/lib/action_dispatch/middleware/templates/rescues/_trace.html.erb (3.5ms)
  Rendered /Users/tristanwagstaff/.rvm/gems/ruby-2.2.3/gems/actionpack-4.2.3/lib/action_dispatch/middleware/templates/routes/_route.html.erb (4.7ms)
  Rendered /Users/tristanwagstaff/.rvm/gems/ruby-2.2.3/gems/actionpack-4.2.3/lib/action_dispatch/middleware/templates/routes/_table.html.erb (6.5ms)
  Rendered /Users/tristanwagstaff/.rvm/gems/ruby-2.2.3/gems/actionpack-4.2.3/lib/action_dispatch/middleware/templates/rescues/_request_and_response.html.erb (1.2ms)
  Rendered /Users/tristanwagstaff/.rvm/gems/ruby-2.2.3/gems/actionpack-4.2.3/lib/action_dispatch/middleware/templates/rescues/routing_error.html.erb within rescues/layout (200.4ms)


Started GET "/" for 127.0.0.1 at 2015-12-28 13:03:26 -0700
Processing by WelcomeController#index as HTML
  Rendered welcome/index.erb within layouts/application (0.1ms)
Completed 200 OK in 56ms (Views: 55.4ms | ActiveRecord: 0.0ms)


Started GET "/apple-touch-icon-precomposed.png" for 127.0.0.1 at 2015-12-28 13:03:26 -0700

ActionController::RoutingError (No route matches [GET] "/apple-touch-icon-precomposed.png"):
  actionpack (4.2.3) lib/action_dispatch/middleware/debug_exceptions.rb:21:in `call'
  actionpack (4.2.3) lib/action_dispatch/middleware/show_exceptions.rb:30:in `call'
  railties (4.2.3) lib/rails/rack/logger.rb:38:in `call_app'
  railties (4.2.3) lib/rails/rack/logger.rb:20:in `block in call'
  activesupport (4.2.3) lib/active_support/tagged_logging.rb:68:in `block in tagged'
  activesupport (4.2.3) lib/active_support/tagged_logging.rb:26:in `tagged'
  activesupport (4.2.3) lib/active_support/tagged_logging.rb:68:in `tagged'
  railties (4.2.3) lib/rails/rack/logger.rb:20:in `call'
  actionpack (4.2.3) lib/action_dispatch/middleware/request_id.rb:21:in `call'
  rack (1.6.4) lib/rack/methodoverride.rb:22:in `call'
  rack (1.6.4) lib/rack/runtime.rb:18:in `call'
  activesupport (4.2.3) lib/active_support/cache/strategy/local_cache_middleware.rb:28:in `call'
  rack (1.6.4) lib/rack/lock.rb:17:in `call'
  actionpack (4.2.3) lib/action_dispatch/middleware/static.rb:116:in `call'
  rack (1.6.4) lib/rack/sendfile.rb:113:in `call'
  railties (4.2.3) lib/rails/engine.rb:518:in `call'
  railties (4.2.3) lib/rails/application.rb:165:in `call'
  rack (1.6.4) lib/rack/content_length.rb:15:in `call'
  puma (2.9.1) lib/puma/server.rb:490:in `handle_request'
  puma (2.9.1) lib/puma/server.rb:361:in `process_client'
  puma (2.9.1) lib/puma/server.rb:254:in `block in run'
  puma (2.9.1) lib/puma/thread_pool.rb:92:in `call'
  puma (2.9.1) lib/puma/thread_pool.rb:92:in `block in spawn_thread'


  Rendered /Users/tristanwagstaff/.rvm/gems/ruby-2.2.3/gems/actionpack-4.2.3/lib/action_dispatch/middleware/templates/rescues/_trace.html.erb (1.8ms)
  Rendered /Users/tristanwagstaff/.rvm/gems/ruby-2.2.3/gems/actionpack-4.2.3/lib/action_dispatch/middleware/templates/routes/_route.html.erb (1.9ms)
  Rendered /Users/tristanwagstaff/.rvm/gems/ruby-2.2.3/gems/actionpack-4.2.3/lib/action_dispatch/middleware/templates/routes/_table.html.erb (1.5ms)
  Rendered /Users/tristanwagstaff/.rvm/gems/ruby-2.2.3/gems/actionpack-4.2.3/lib/action_dispatch/middleware/templates/rescues/_request_and_response.html.erb (0.9ms)
  Rendered /Users/tristanwagstaff/.rvm/gems/ruby-2.2.3/gems/actionpack-4.2.3/lib/action_dispatch/middleware/templates/rescues/routing_error.html.erb within rescues/layout (103.2ms)


Started GET "/apple-touch-icon.png" for 127.0.0.1 at 2015-12-28 13:03:26 -0700

ActionController::RoutingError (No route matches [GET] "/apple-touch-icon.png"):
  actionpack (4.2.3) lib/action_dispatch/middleware/debug_exceptions.rb:21:in `call'
  actionpack (4.2.3) lib/action_dispatch/middleware/show_exceptions.rb:30:in `call'
  railties (4.2.3) lib/rails/rack/logger.rb:38:in `call_app'
  railties (4.2.3) lib/rails/rack/logger.rb:20:in `block in call'
  activesupport (4.2.3) lib/active_support/tagged_logging.rb:68:in `block in tagged'
  activesupport (4.2.3) lib/active_support/tagged_logging.rb:26:in `tagged'
  activesupport (4.2.3) lib/active_support/tagged_logging.rb:68:in `tagged'
  railties (4.2.3) lib/rails/rack/logger.rb:20:in `call'
  actionpack (4.2.3) lib/action_dispatch/middleware/request_id.rb:21:in `call'
  rack (1.6.4) lib/rack/methodoverride.rb:22:in `call'
  rack (1.6.4) lib/rack/runtime.rb:18:in `call'
  activesupport (4.2.3) lib/active_support/cache/strategy/local_cache_middleware.rb:28:in `call'
  rack (1.6.4) lib/rack/lock.rb:17:in `call'
  actionpack (4.2.3) lib/action_dispatch/middleware/static.rb:116:in `call'
  rack (1.6.4) lib/rack/sendfile.rb:113:in `call'
  railties (4.2.3) lib/rails/engine.rb:518:in `call'
  railties (4.2.3) lib/rails/application.rb:165:in `call'
  rack (1.6.4) lib/rack/content_length.rb:15:in `call'
  puma (2.9.1) lib/puma/server.rb:490:in `handle_request'
  puma (2.9.1) lib/puma/server.rb:361:in `process_client'
  puma (2.9.1) lib/puma/server.rb:254:in `block in run'
  puma (2.9.1) lib/puma/thread_pool.rb:92:in `call'
  puma (2.9.1) lib/puma/thread_pool.rb:92:in `block in spawn_thread'


  Rendered /Users/tristanwagstaff/.rvm/gems/ruby-2.2.3/gems/actionpack-4.2.3/lib/action_dispatch/middleware/templates/rescues/_trace.html.erb (1.0ms)
  Rendered /Users/tristanwagstaff/.rvm/gems/ruby-2.2.3/gems/actionpack-4.2.3/lib/action_dispatch/middleware/templates/routes/_route.html.erb (1.1ms)
  Rendered /Users/tristanwagstaff/.rvm/gems/ruby-2.2.3/gems/actionpack-4.2.3/lib/action_dispatch/middleware/templates/routes/_table.html.erb (3.0ms)
  Rendered /Users/tristanwagstaff/.rvm/gems/ruby-2.2.3/gems/actionpack-4.2.3/lib/action_dispatch/middleware/templates/rescues/_request_and_response.html.erb (0.9ms)
  Rendered /Users/tristanwagstaff/.rvm/gems/ruby-2.2.3/gems/actionpack-4.2.3/lib/action_dispatch/middleware/templates/rescues/routing_error.html.erb within rescues/layout (78.6ms)


Started GET "/" for 127.0.0.1 at 2015-12-28 13:04:13 -0700
Processing by WelcomeController#index as HTML
  Rendered welcome/index.erb within layouts/application (0.0ms)
Completed 200 OK in 31ms (Views: 30.9ms | ActiveRecord: 0.0ms)


Started GET "/assets/jquery.self.js?body=1" for 127.0.0.1 at 2015-12-28 13:04:13 -0700


Started GET "/assets/welcome.self.js?body=1" for 127.0.0.1 at 2015-12-28 13:04:13 -0700


Started GET "/assets/application.self.js?body=1" for 127.0.0.1 at 2015-12-28 13:04:13 -0700


Started GET "/assets/turbolinks.self.js?body=1" for 127.0.0.1 at 2015-12-28 13:04:13 -0700


Started GET "/assets/scaffolds.self.css?body=1" for 127.0.0.1 at 2015-12-28 13:04:13 -0700


Started GET "/assets/widgets.self.js?body=1" for 127.0.0.1 at 2015-12-28 13:04:13 -0700


Started GET "/assets/jquery_ujs.self.js?body=1" for 127.0.0.1 at 2015-12-28 13:04:13 -0700


Started GET "/assets/welcome.self.css?body=1" for 127.0.0.1 at 2015-12-28 13:04:14 -0700


Started GET "/assets/widgets.self.css?body=1" for 127.0.0.1 at 2015-12-28 13:04:14 -0700


Started GET "/assets/theme.self.css?body=1" for 127.0.0.1 at 2015-12-28 13:04:14 -0700


Started GET "/assets/application.self.css?body=1" for 127.0.0.1 at 2015-12-28 13:04:14 -0700


Started GET "/apple-touch-icon-precomposed.png" for 127.0.0.1 at 2015-12-28 13:04:14 -0700

ActionController::RoutingError (No route matches [GET] "/apple-touch-icon-precomposed.png"):
  actionpack (4.2.3) lib/action_dispatch/middleware/debug_exceptions.rb:21:in `call'
  actionpack (4.2.3) lib/action_dispatch/middleware/show_exceptions.rb:30:in `call'
  railties (4.2.3) lib/rails/rack/logger.rb:38:in `call_app'
  railties (4.2.3) lib/rails/rack/logger.rb:20:in `block in call'
  activesupport (4.2.3) lib/active_support/tagged_logging.rb:68:in `block in tagged'
  activesupport (4.2.3) lib/active_support/tagged_logging.rb:26:in `tagged'
  activesupport (4.2.3) lib/active_support/tagged_logging.rb:68:in `tagged'
  railties (4.2.3) lib/rails/rack/logger.rb:20:in `call'
  actionpack (4.2.3) lib/action_dispatch/middleware/request_id.rb:21:in `call'
  rack (1.6.4) lib/rack/methodoverride.rb:22:in `call'
  rack (1.6.4) lib/rack/runtime.rb:18:in `call'
  activesupport (4.2.3) lib/active_support/cache/strategy/local_cache_middleware.rb:28:in `call'
  rack (1.6.4) lib/rack/lock.rb:17:in `call'
  actionpack (4.2.3) lib/action_dispatch/middleware/static.rb:116:in `call'
  rack (1.6.4) lib/rack/sendfile.rb:113:in `call'
  railties (4.2.3) lib/rails/engine.rb:518:in `call'
  railties (4.2.3) lib/rails/application.rb:165:in `call'
  rack (1.6.4) lib/rack/content_length.rb:15:in `call'
  puma (2.9.1) lib/puma/server.rb:490:in `handle_request'
  puma (2.9.1) lib/puma/server.rb:361:in `process_client'
  puma (2.9.1) lib/puma/server.rb:254:in `block in run'
  puma (2.9.1) lib/puma/thread_pool.rb:92:in `call'
  puma (2.9.1) lib/puma/thread_pool.rb:92:in `block in spawn_thread'


  Rendered /Users/tristanwagstaff/.rvm/gems/ruby-2.2.3/gems/actionpack-4.2.3/lib/action_dispatch/middleware/templates/rescues/_trace.html.erb (1.1ms)
  Rendered /Users/tristanwagstaff/.rvm/gems/ruby-2.2.3/gems/actionpack-4.2.3/lib/action_dispatch/middleware/templates/routes/_route.html.erb (2.1ms)
  Rendered /Users/tristanwagstaff/.rvm/gems/ruby-2.2.3/gems/actionpack-4.2.3/lib/action_dispatch/middleware/templates/routes/_table.html.erb (1.5ms)
  Rendered /Users/tristanwagstaff/.rvm/gems/ruby-2.2.3/gems/actionpack-4.2.3/lib/action_dispatch/middleware/templates/rescues/_request_and_response.html.erb (1.8ms)
  Rendered /Users/tristanwagstaff/.rvm/gems/ruby-2.2.3/gems/actionpack-4.2.3/lib/action_dispatch/middleware/templates/rescues/routing_error.html.erb within rescues/layout (74.1ms)


Started GET "/apple-touch-icon.png" for 127.0.0.1 at 2015-12-28 13:04:14 -0700

ActionController::RoutingError (No route matches [GET] "/apple-touch-icon.png"):
  actionpack (4.2.3) lib/action_dispatch/middleware/debug_exceptions.rb:21:in `call'
  actionpack (4.2.3) lib/action_dispatch/middleware/show_exceptions.rb:30:in `call'
  railties (4.2.3) lib/rails/rack/logger.rb:38:in `call_app'
  railties (4.2.3) lib/rails/rack/logger.rb:20:in `block in call'
  activesupport (4.2.3) lib/active_support/tagged_logging.rb:68:in `block in tagged'
  activesupport (4.2.3) lib/active_support/tagged_logging.rb:26:in `tagged'
  activesupport (4.2.3) lib/active_support/tagged_logging.rb:68:in `tagged'
  railties (4.2.3) lib/rails/rack/logger.rb:20:in `call'
  actionpack (4.2.3) lib/action_dispatch/middleware/request_id.rb:21:in `call'
  rack (1.6.4) lib/rack/methodoverride.rb:22:in `call'
  rack (1.6.4) lib/rack/runtime.rb:18:in `call'
  activesupport (4.2.3) lib/active_support/cache/strategy/local_cache_middleware.rb:28:in `call'
  rack (1.6.4) lib/rack/lock.rb:17:in `call'
  actionpack (4.2.3) lib/action_dispatch/middleware/static.rb:116:in `call'
  rack (1.6.4) lib/rack/sendfile.rb:113:in `call'
  railties (4.2.3) lib/rails/engine.rb:518:in `call'
  railties (4.2.3) lib/rails/application.rb:165:in `call'
  rack (1.6.4) lib/rack/content_length.rb:15:in `call'
  puma (2.9.1) lib/puma/server.rb:490:in `handle_request'
  puma (2.9.1) lib/puma/server.rb:361:in `process_client'
  puma (2.9.1) lib/puma/server.rb:254:in `block in run'
  puma (2.9.1) lib/puma/thread_pool.rb:92:in `call'
  puma (2.9.1) lib/puma/thread_pool.rb:92:in `block in spawn_thread'


  Rendered /Users/tristanwagstaff/.rvm/gems/ruby-2.2.3/gems/actionpack-4.2.3/lib/action_dispatch/middleware/templates/rescues/_trace.html.erb (1.1ms)
  Rendered /Users/tristanwagstaff/.rvm/gems/ruby-2.2.3/gems/actionpack-4.2.3/lib/action_dispatch/middleware/templates/routes/_route.html.erb (0.8ms)
  Rendered /Users/tristanwagstaff/.rvm/gems/ruby-2.2.3/gems/actionpack-4.2.3/lib/action_dispatch/middleware/templates/routes/_table.html.erb (1.0ms)
  Rendered /Users/tristanwagstaff/.rvm/gems/ruby-2.2.3/gems/actionpack-4.2.3/lib/action_dispatch/middleware/templates/rescues/_request_and_response.html.erb (0.8ms)
  Rendered /Users/tristanwagstaff/.rvm/gems/ruby-2.2.3/gems/actionpack-4.2.3/lib/action_dispatch/middleware/templates/rescues/routing_error.html.erb within rescues/layout (53.7ms)


Started GET "/" for 127.0.0.1 at 2015-12-28 13:04:17 -0700
  [1m[36mActiveRecord::SchemaMigration Load (0.5ms)[0m  [1mSELECT "schema_migrations".* FROM "schema_migrations"[0m
Processing by WelcomeController#index as HTML
  Rendered welcome/index.erb within layouts/application (0.8ms)
Completed 200 OK in 183ms (Views: 174.1ms | ActiveRecord: 0.0ms)


Started GET "/assets/jquery.self.js?body=1" for 127.0.0.1 at 2015-12-28 13:04:17 -0700


Started GET "/assets/widgets.self.js?body=1" for 127.0.0.1 at 2015-12-28 13:04:17 -0700


Started GET "/assets/jquery_ujs.self.js?body=1" for 127.0.0.1 at 2015-12-28 13:04:17 -0700


Started GET "/assets/turbolinks.self.js?body=1" for 127.0.0.1 at 2015-12-28 13:04:17 -0700


Started GET "/assets/application.self.js?body=1" for 127.0.0.1 at 2015-12-28 13:04:17 -0700


Started GET "/assets/widgets.self.css?body=1" for 127.0.0.1 at 2015-12-28 13:04:17 -0700


Started GET "/assets/theme.self.css?body=1" for 127.0.0.1 at 2015-12-28 13:04:17 -0700


Started GET "/assets/welcome.self.css?body=1" for 127.0.0.1 at 2015-12-28 13:04:17 -0700


Started GET "/assets/application.self.css?body=1" for 127.0.0.1 at 2015-12-28 13:04:17 -0700


Started GET "/assets/scaffolds.self.css?body=1" for 127.0.0.1 at 2015-12-28 13:04:17 -0700


Started GET "/assets/welcome.self.js?body=1" for 127.0.0.1 at 2015-12-28 13:04:17 -0700
  [1m[36mActiveRecord::SchemaMigration Load (0.4ms)[0m  [1mSELECT "schema_migrations".* FROM "schema_migrations"[0m
